send: 'ehlo [172.23.80.1]\r\n'
reply: b'250-SI1PR02CA0001.outlook.office365.com Hello [2001:448a:5030:a22:b9cc:1f63:34f7:7f8a]\r\n'
reply: b'250-SIZE 157286400\r\n'
reply: b'250-PIPELINING\r\n'
reply: b'250-DSN\r\n'
reply: b'250-ENHANCEDSTATUSCODES\r\n'
reply: b'250-STARTTLS\r\n'
reply: b'250-8BITMIME\r\n'
reply: b'250-BINARYMIME\r\n'
reply: b'250-CHUNKING\r\n'
reply: b'250 SMTPUTF8\r\n'
reply: retcode (250); Msg: b'SI1PR02CA0001.outlook.office365.com Hello [2001:448a:5030:a22:b9cc:1f63:34f7:7f8a]\nSIZE 157286400\nPIPELINING\nDSN\nENHANCEDSTATUSCODES\nSTARTTLS\n8BITMIME\nBINARYMIME\nCHUNKING\nSMTPUTF8'
send: 'STARTTLS\r\n'
reply: b'220 2.0.0 SMTP server ready\r\n'
reply: retcode (220); Msg: b'2.0.0 SMTP server ready'
send: 'ehlo [172.23.80.1]\r\n'
reply: b'250-SI1PR02CA0001.outlook.office365.com Hello [2001:448a:5030:a22:b9cc:1f63:34f7:7f8a]\r\n'
reply: b'250-SIZE 157286400\r\n'
reply: b'250-PIPELINING\r\n'
reply: b'250-DSN\r\n'
reply: b'250-ENHANCEDSTATUSCODES\r\n'
reply: b'250-AUTH LOGIN XOAUTH2\r\n'
reply: b'250-8BITMIME\r\n'
reply: b'250-BINARYMIME\r\n'
reply: b'250-CHUNKING\r\n'
reply: b'250 SMTPUTF8\r\n'
reply: retcode (250); Msg: b'SI1PR02CA0001.outlook.office365.com Hello [2001:448a:5030:a22:b9cc:1f63:34f7:7f8a]\nSIZE 157286400\nPIPELINING\nDSN\nENHANCEDSTATUSCODES\nAUTH LOGIN XOAUTH2\n8BITMIME\nBINARYMIME\nCHUNKING\nSMTPUTF8'
send: 'AUTH LOGIN cmVuZWt0b25pc2xpZmUwQGdtYWlsLmNvbQ==\r\n'
reply: b'334 UGFzc3dvcmQ6\r\n'
reply: retcode (334); Msg: b'UGFzc3dvcmQ6'
send: 'aXNtYWlsMDkwMjIwMDI=\r\n'
reply: b'235 2.7.0 Authentication successful\r\n'
reply: retcode (235); Msg: b'2.7.0 Authentication successful'
send: 'mail FROM:<renektonislife0@gmail.com> size=136\r\n'
reply: b'250 2.1.0 Sender OK\r\n'
reply: retcode (250); Msg: b'2.1.0 Sender OK'
send: 'rcpt TO:<muhammadismail2418@gmail.com>\r\n'
reply: b'250 2.1.5 Recipient OK\r\n'
reply: retcode (250); Msg: b'2.1.5 Recipient OK'
send: 'data\r\n'
reply: b'354 Start mail input; end with <CRLF>.<CRLF>\r\n'
reply: retcode (354); Msg: b'Start mail input; end with <CRLF>.<CRLF>'
data: (354, b'Start mail input; end with <CRLF>.<CRLF>')
send: b'To: muhammadismail2418@gmail.com\r\nFrom: renektonislife0@gmail.com\r\nSubject: Tugas SMTP PROGJAR\r\n\r\nIni tugas progjar buat testing smtp.\r\n.\r\n'
reply: b'250 2.0.0 OK <PUZPR01MB52259B688B2725DB7CF24FE1F5459@PUZPR01MB5225.apcprd01.prod.exchangelabs.com> [Hostname=PUZPR01MB5225.apcprd01.prod.exchangelabs.com]\r\n'
reply: retcode (250); Msg: b'2.0.0 OK <PUZPR01MB52259B688B2725DB7CF24FE1F5459@PUZPR01MB5225.apcprd01.prod.exchangelabs.com> [Hostname=PUZPR01MB5225.apcprd01.prod.exchangelabs.com]'
data: (250, b'2.0.0 OK <PUZPR01MB52259B688B2725DB7CF24FE1F5459@PUZPR01MB5225.apcprd01.prod.exchangelabs.com> [Hostname=PUZPR01MB5225.apcprd01.prod.exchangelabs.com]')
send: 'quit\r\n'
reply: b'221 2.0.0 Service closing transmission channel\r\n'
reply: retcode (221); Msg: b'2.0.0 Service closing transmission channel'